[INFO][15/06/2016 10:10:58]:[MainProcess] preprocessing.py:64 using strategy: abstract
[INFO][15/06/2016 10:10:58]:[preprocessing_1] preprocessing.py:153 starting
[INFO][15/06/2016 10:10:58]:[preprocessing_2] preprocessing.py:153 starting
[INFO][15/06/2016 10:10:58]:[preprocessing_3] preprocessing.py:153 starting
[INFO][15/06/2016 10:10:58]:[preprocessing_0] preprocessing.py:153 starting
[INFO][15/06/2016 10:10:58]:[preprocessing_6] preprocessing.py:153 starting
[INFO][15/06/2016 10:10:58]:[preprocessing_5] preprocessing.py:153 starting
[INFO][15/06/2016 10:10:58]:[preprocessing_4] preprocessing.py:153 starting
[INFO][15/06/2016 10:10:58]:[preprocessing_7] preprocessing.py:153 starting
[INFO][15/06/2016 12:45:52]:[preprocessing_0] preprocessing.py:277 good lines: 39015604
[INFO][15/06/2016 12:45:52]:[preprocessing_6] preprocessing.py:277 good lines: 39016460
[INFO][15/06/2016 12:45:52]:[preprocessing_1] preprocessing.py:277 good lines: 39016406
[INFO][15/06/2016 12:45:52]:[preprocessing_2] preprocessing.py:277 good lines: 39017076
[INFO][15/06/2016 12:45:52]:[preprocessing_7] preprocessing.py:277 good lines: 39018697
[INFO][15/06/2016 12:45:52]:[preprocessing_4] preprocessing.py:277 good lines: 39018345
[INFO][15/06/2016 12:45:52]:[preprocessing_3] preprocessing.py:277 good lines: 39019324
[INFO][15/06/2016 12:45:54]:[preprocessing_5] preprocessing.py:277 good lines: 39017497
[INFO][15/06/2016 12:46:26]:[preprocessing_3] preprocessing.py:143 pnr 3: preprocess_file_part running time: 9328.217210392468 profiled: False
[INFO][15/06/2016 12:46:26]:[preprocessing_7] preprocessing.py:143 pnr 7: preprocess_file_part running time: 9328.753284994513 profiled: False
[INFO][15/06/2016 12:46:27]:[preprocessing_2] preprocessing.py:143 pnr 2: preprocess_file_part running time: 9328.992399056442 profiled: False
[INFO][15/06/2016 12:46:27]:[preprocessing_0] preprocessing.py:143 pnr 0: preprocess_file_part running time: 9329.166380055249 profiled: False
[INFO][15/06/2016 12:46:27]:[preprocessing_6] preprocessing.py:143 pnr 6: preprocess_file_part running time: 9329.263329952955 profiled: False
[INFO][15/06/2016 12:46:27]:[preprocessing_4] preprocessing.py:143 pnr 4: preprocess_file_part running time: 9329.446127155796 profiled: False
[INFO][15/06/2016 12:46:27]:[preprocessing_1] preprocessing.py:143 pnr 1: preprocess_file_part running time: 9329.486010292545 profiled: False
[INFO][15/06/2016 12:46:28]:[preprocessing_5] preprocessing.py:143 pnr 5: preprocess_file_part running time: 9330.584151808172 profiled: False
[INFO][15/06/2016 12:46:28]:[MainProcess] preprocessing.py:104 Running time: 9330.815107345581
[INFO][15/06/2016 14:28:36]:[MainProcess] preprocessing.py:64 using strategy: abstract
[INFO][15/06/2016 14:28:36]:[preprocessing_0] preprocessing.py:153 starting
[INFO][15/06/2016 14:28:36]:[preprocessing_1] preprocessing.py:153 starting
[INFO][15/06/2016 14:28:36]:[preprocessing_2] preprocessing.py:153 starting
[INFO][15/06/2016 14:28:36]:[preprocessing_3] preprocessing.py:153 starting
[INFO][15/06/2016 14:28:36]:[preprocessing_4] preprocessing.py:153 starting
[INFO][15/06/2016 14:28:36]:[preprocessing_5] preprocessing.py:153 starting
[INFO][15/06/2016 14:28:36]:[preprocessing_6] preprocessing.py:153 starting
[INFO][15/06/2016 14:28:36]:[preprocessing_7] preprocessing.py:153 starting
[INFO][15/06/2016 17:00:08]:[preprocessing_6] preprocessing.py:280 good lines: 39016460
[INFO][15/06/2016 17:00:08]:[preprocessing_2] preprocessing.py:280 good lines: 39017076
[INFO][15/06/2016 17:00:08]:[preprocessing_5] preprocessing.py:280 good lines: 39017497
[INFO][15/06/2016 17:00:08]:[preprocessing_7] preprocessing.py:280 good lines: 39018697
[INFO][15/06/2016 17:00:08]:[preprocessing_3] preprocessing.py:280 good lines: 39019324
[INFO][15/06/2016 17:00:09]:[preprocessing_0] preprocessing.py:280 good lines: 39015604
[INFO][15/06/2016 17:00:09]:[preprocessing_4] preprocessing.py:280 good lines: 39018345
[INFO][15/06/2016 17:00:09]:[preprocessing_1] preprocessing.py:280 good lines: 39016406
[INFO][15/06/2016 17:00:26]:[preprocessing_6] preprocessing.py:143 pnr 6: preprocess_file_part running time: 9110.690385877155 profiled: False
[INFO][15/06/2016 17:00:27]:[preprocessing_7] preprocessing.py:143 pnr 7: preprocess_file_part running time: 9111.31901384797 profiled: False
[INFO][15/06/2016 17:00:27]:[preprocessing_4] preprocessing.py:143 pnr 4: preprocess_file_part running time: 9111.567439010367 profiled: False
[INFO][15/06/2016 17:00:27]:[preprocessing_5] preprocessing.py:143 pnr 5: preprocess_file_part running time: 9111.617712710984 profiled: False
[INFO][15/06/2016 17:00:27]:[preprocessing_2] preprocessing.py:143 pnr 2: preprocess_file_part running time: 9111.629630277865 profiled: False
[INFO][15/06/2016 17:00:28]:[preprocessing_3] preprocessing.py:143 pnr 3: preprocess_file_part running time: 9112.098496029153 profiled: False
[INFO][15/06/2016 17:00:28]:[preprocessing_0] preprocessing.py:143 pnr 0: preprocess_file_part running time: 9112.124489652924 profiled: False
[INFO][15/06/2016 17:00:28]:[preprocessing_1] preprocessing.py:143 pnr 1: preprocess_file_part running time: 9112.302456140518 profiled: False
[INFO][15/06/2016 17:00:29]:[MainProcess] preprocessing.py:98 0 processes alive
[INFO][15/06/2016 17:00:29]:[MainProcess] preprocessing.py:104 Running time: 9113.564798593521
