[INFO][16.06 13:54:39]:[MainProcess] preprocessing.py:61 processing without ip filtering
[INFO][16.06 13:54:39]:[MainProcess] preprocessing.py:67 not filtering ip domain names
[INFO][16.06 13:54:39]:[preprocessing_1] preprocessing.py:154 starting
[INFO][16.06 13:54:39]:[preprocessing_0] preprocessing.py:154 starting
[INFO][16.06 13:54:39]:[preprocessing_2] preprocessing.py:154 starting
[INFO][16.06 13:54:39]:[preprocessing_4] preprocessing.py:154 starting
[INFO][16.06 13:54:39]:[preprocessing_6] preprocessing.py:154 starting
[INFO][16.06 13:54:39]:[preprocessing_7] preprocessing.py:154 starting
[INFO][16.06 13:54:39]:[preprocessing_3] preprocessing.py:154 starting
[INFO][16.06 13:54:39]:[preprocessing_5] preprocessing.py:154 starting
[INFO][16.06 13:54:45]:[preprocessing_0] preprocessing.py:281 good lines: 19479
[INFO][16.06 13:54:45]:[preprocessing_0] preprocessing.py:144 pnr 0: preprocess_file_part running time: 6.206106340512633 profiled: False
[INFO][16.06 13:54:45]:[preprocessing_5] preprocessing.py:281 good lines: 19457
[INFO][16.06 13:54:45]:[preprocessing_5] preprocessing.py:144 pnr 5: preprocess_file_part running time: 6.208519184961915 profiled: False
[INFO][16.06 13:54:45]:[preprocessing_4] preprocessing.py:281 good lines: 19464
[INFO][16.06 13:54:45]:[preprocessing_4] preprocessing.py:144 pnr 4: preprocess_file_part running time: 6.257951722480357 profiled: False
[INFO][16.06 13:54:45]:[preprocessing_6] preprocessing.py:281 good lines: 19476
[INFO][16.06 13:54:45]:[preprocessing_6] preprocessing.py:144 pnr 6: preprocess_file_part running time: 6.266376055777073 profiled: False
[INFO][16.06 13:54:45]:[preprocessing_7] preprocessing.py:281 good lines: 19482
[INFO][16.06 13:54:45]:[preprocessing_7] preprocessing.py:144 pnr 7: preprocess_file_part running time: 6.286144581623375 profiled: False
[INFO][16.06 13:54:45]:[preprocessing_3] preprocessing.py:281 good lines: 19491
[INFO][16.06 13:54:45]:[preprocessing_3] preprocessing.py:144 pnr 3: preprocess_file_part running time: 6.326309013180435 profiled: False
[INFO][16.06 13:54:45]:[preprocessing_2] preprocessing.py:281 good lines: 19478
[INFO][16.06 13:54:45]:[preprocessing_2] preprocessing.py:144 pnr 2: preprocess_file_part running time: 6.431613266468048 profiled: False
[INFO][16.06 13:54:45]:[preprocessing_1] preprocessing.py:281 good lines: 19478
[INFO][16.06 13:54:45]:[preprocessing_1] preprocessing.py:144 pnr 1: preprocess_file_part running time: 6.452482284978032 profiled: False
[INFO][16.06 13:54:45]:[MainProcess] preprocessing.py:99 0 processes alive
[INFO][16.06 13:54:45]:[MainProcess] preprocessing.py:105 Running time: 6.49138879776001
